2025-07-25 22:18:23,534 [INFO] app: Received POST on /identify-language endpoint, text: Ciao!
2025-07-25 22:18:25,282 [ERROR] app: Error occurred while identifying language: Iterable over raw text documents expected, string object received.
2025-07-25 22:19:40,699 [INFO] app: Received POST on /identify-language endpoint, text: Ciao!
2025-07-25 22:19:41,946 [ERROR] app: Error occurred while identifying language: index 1 is out of bounds for axis 0 with size 1
2025-07-25 22:23:13,334 [INFO] app: Received POST on /identify-language endpoint, text: Ciao!
2025-07-25 22:23:13,334 [INFO] app: Loading model from assets/language_detection_pipeline.pkl
2025-07-25 22:23:15,020 [INFO] app: Output: ['IT']
2025-07-25 22:23:15,020 [ERROR] app: Error occurred while identifying language: index 1 is out of bounds for axis 0 with size 1
2025-07-25 22:25:04,437 [INFO] app: Received POST on /identify-language endpoint, text: Ciao!
2025-07-25 22:25:04,437 [INFO] app: Loading model from assets/language_detection_pipeline.pkl
2025-07-25 22:25:06,022 [INFO] app: Output: ['IT']
2025-07-25 22:25:26,169 [INFO] app: Received POST on /identify-language endpoint, text: HI
2025-07-25 22:25:26,169 [INFO] app: Loading model from assets/language_detection_pipeline.pkl
2025-07-25 22:25:26,170 [INFO] app: Output: ['EN']
2025-07-25 22:28:19,713 [INFO] app: Received POST on /identify-language endpoint, text: 555
2025-07-25 22:28:19,714 [INFO] app: Loading model from assets/language_detection_pipeline.pkl
2025-07-25 22:28:19,715 [INFO] app: Output: ['EN']
2025-07-25 22:31:17,318 [INFO] app: Received POST on /identify-language endpoint, text: 
2025-07-25 22:31:17,319 [INFO] app: Loading model from assets/language_detection_pipeline.pkl
2025-07-25 22:31:17,321 [INFO] app: Output: ['EN']
2025-07-25 22:32:36,815 [INFO] app: Received POST on /identify-language endpoint, text: 
2025-07-25 22:32:36,815 [ERROR] app: Error occurred while identifying language: Invalid input: 'text' must be a non-empty string.
2025-07-25 22:33:18,533 [INFO] app: Received POST on /identify-language endpoint, text: 
2025-07-25 22:39:08,599 [INFO] app: Received POST on /identify-language endpoint, text: Hallo
2025-07-25 22:39:08,599 [INFO] app: Loading model from assets/language_detection_pipeline.pkl
2025-07-25 22:39:08,603 [INFO] app: Output: language_code='EN' confidence=0.95
2025-07-25 22:40:32,944 [INFO] app: Received POST on /identify-language endpoint, text: Hallo
2025-07-25 22:40:32,946 [INFO] app: Output: language_code='EN' confidence=0.95
2025-07-25 22:40:47,955 [INFO] app: Received POST on /identify-language endpoint, text: ich spreche deutsch
2025-07-25 22:40:47,956 [INFO] app: Output: language_code='EN' confidence=0.95
2025-07-25 22:42:29,997 [INFO] app: Received POST on /identify-language endpoint, text: ich spreche deutsch
2025-07-25 22:42:29,998 [ERROR] app: Error occurred while identifying language: not enough values to unpack (expected 2, got 1)
2025-07-25 22:45:09,554 [INFO] app: Received POST on /identify-language endpoint, text: ich spreche deutsch
2025-07-25 22:45:09,555 [INFO] app: Predicted language: EN
2025-07-25 22:45:09,556 [INFO] app: Output: language_code='EN'
2025-07-25 23:06:34,592 [INFO] app: Received POST on /identify-language endpoint, text: Ciaociaociao
2025-07-25 23:06:34,593 [INFO] app: Predicted language: IT
2025-07-25 23:06:34,593 [INFO] app: Output: language_code='IT'
2025-07-25 23:07:20,629 [INFO] app: Loading pre-trained language detection pipeline from pickle file...
2025-07-25 23:07:39,668 [INFO] app: Loading pre-trained language detection pipeline from pickle file...
2025-07-25 23:07:57,986 [INFO] app: Loading pre-trained language detection pipeline from pickle file...
2025-07-25 23:09:35,629 [INFO] app: Loading pre-trained language detection pipeline from pickle file...
2025-07-25 23:11:00,581 [INFO] app: Loading pre-trained language detection pipeline from pickle file...
2025-07-26 13:46:10,509 [INFO] app: Loading pre-trained language detection pipeline from pickle file...
2025-07-26 13:48:08,691 [INFO] app: Loading pre-trained language detection pipeline from pickle file...
2025-07-26 13:48:17,423 [INFO] app: Received POST on /identify-language endpoint, text: Ciaociaociao
2025-07-26 13:48:17,426 [INFO] app: Predicted language: IT
2025-07-26 13:48:17,427 [INFO] app: Output: language_code='IT'
2025-07-26 13:54:05,314 [INFO] app: Loading pre-trained language detection pipeline from pickle file...
2025-07-26 13:56:49,886 [INFO] app: Loading pre-trained language detection pipeline from pickle file...
2025-07-26 13:57:15,609 [INFO] app: Loading pre-trained language detection pipeline from pickle file...
2025-07-26 13:58:52,568 [INFO] app: Received POST on /identify-language endpoint, text: Ciaociaociao
2025-07-26 13:58:52,570 [INFO] app: Predicted language: IT
2025-07-26 13:58:52,570 [INFO] app: Output: language_code='IT'
2025-07-26 13:59:19,739 [INFO] app: Loading pre-trained language detection pipeline from pickle file...
2025-07-26 13:59:25,900 [INFO] app: Received POST on /identify-language endpoint, text: Ciaociaociao
2025-07-26 13:59:25,901 [INFO] app: Predicted language: IT
2025-07-26 13:59:25,901 [INFO] app: Output: language_code='IT'
2025-07-26 13:59:31,655 [INFO] app: Received POST on /identify-language endpoint, text: Ciaociaociao
2025-07-26 13:59:31,655 [INFO] app: Predicted language: IT
2025-07-26 13:59:31,656 [INFO] app: Output: language_code='IT'
2025-07-26 13:59:42,188 [INFO] app: Loading pre-trained language detection pipeline from pickle file...
2025-07-26 14:00:36,314 [INFO] app: Loading pre-trained language detection pipeline from pickle file...
2025-07-26 14:01:30,658 [INFO] app: Loading pre-trained language detection pipeline from pickle file...
2025-07-26 14:01:35,859 [INFO] app: Received POST on /identify-language endpoint, text: Ciaociaociao
2025-07-26 14:01:35,860 [INFO] app: Predicted language: IT
2025-07-26 14:01:35,861 [INFO] app: Output: language_code=''
2025-07-26 14:01:35,861 [ERROR] app: Error occurred while identifying language: 404: Language not found
2025-07-26 14:02:02,584 [INFO] app: Loading pre-trained language detection pipeline from pickle file...
2025-07-26 14:02:11,902 [INFO] app: Received POST on /identify-language endpoint, text: Ciaociaociao
2025-07-26 14:02:11,903 [INFO] app: Predicted language: IT
2025-07-26 14:02:11,903 [INFO] app: Output: language_code=''
2025-07-26 14:02:11,903 [ERROR] app: Error occurred while identifying language: 404: Language not found
2025-07-26 14:02:13,402 [INFO] app: Received POST on /identify-language endpoint, text: Ciaociaociao
2025-07-26 14:02:13,403 [INFO] app: Predicted language: IT
2025-07-26 14:02:13,403 [INFO] app: Output: language_code=''
2025-07-26 14:02:13,403 [ERROR] app: Error occurred while identifying language: 404: Language not found
2025-07-26 14:03:06,927 [INFO] app: Loading pre-trained language detection pipeline from pickle file...
2025-07-26 14:03:17,358 [INFO] app: Received POST on /identify-language endpoint, text: Ciaociaociao
2025-07-26 14:03:17,360 [INFO] app: Predicted language: IT
2025-07-26 14:03:17,360 [INFO] app: Output: language_code=''
2025-07-26 14:03:17,360 [ERROR] app: Error occurred while identifying language: 404: Language not found
2025-07-26 14:03:43,745 [INFO] app: Loading pre-trained language detection pipeline from pickle file...
2025-07-26 14:03:46,940 [INFO] app: Received POST on /identify-language endpoint, text: Ciaociaociao
2025-07-26 14:03:46,942 [INFO] app: Predicted language: IT
2025-07-26 14:03:46,942 [INFO] app: Output: language_code=''
2025-07-26 14:03:46,942 [ERROR] app: Error occurred while identifying language: 404: Language not found
2025-07-26 14:03:55,594 [INFO] app: Loading pre-trained language detection pipeline from pickle file...
2025-07-26 14:04:08,264 [INFO] app: Loading pre-trained language detection pipeline from pickle file...
2025-07-26 14:04:34,494 [INFO] app: Loading pre-trained language detection pipeline from pickle file...
2025-07-26 14:04:39,663 [INFO] app: Received POST on /identify-language endpoint, text: Ciaociaociao
2025-07-26 14:04:39,664 [INFO] app: Predicted language: IT
2025-07-26 14:04:39,665 [INFO] app: Output: language_code=''
2025-07-26 14:05:08,942 [INFO] app: Loading pre-trained language detection pipeline from pickle file...
2025-07-26 14:05:15,123 [INFO] app: Loading pre-trained language detection pipeline from pickle file...
2025-07-26 14:05:27,974 [INFO] app: Loading pre-trained language detection pipeline from pickle file...
2025-07-26 14:05:36,260 [INFO] app: Received POST on /identify-language endpoint, text: Ciaociaociao
2025-07-26 14:05:36,261 [INFO] app: Predicted language: IT
2025-07-26 14:05:36,262 [INFO] app: Output: language_code='IT'
2025-07-26 14:05:50,377 [INFO] app: Loading pre-trained language detection pipeline from pickle file...
2025-07-26 14:07:39,665 [INFO] app: Loading pre-trained language detection pipeline from pickle file...
2025-07-26 14:10:15,141 [INFO] app: Loading pre-trained language detection pipeline from pickle file...
2025-07-26 14:10:22,238 [INFO] app: Loading pre-trained language detection pipeline from pickle file...
2025-07-26 14:10:55,489 [INFO] app: Loading pre-trained language detection pipeline from pickle file...
2025-07-26 14:11:07,618 [INFO] app: Received POST on /identify-language endpoint, text: Ciaociaociao
2025-07-26 14:11:07,618 [ERROR] app: Error occurred while identifying language: 
2025-07-26 14:11:13,678 [INFO] app: Loading pre-trained language detection pipeline from pickle file...
2025-07-26 14:11:45,732 [INFO] app: Loading pre-trained language detection pipeline from pickle file...
2025-07-26 20:25:47,272 [INFO] app: Loading pre-trained language detection pipeline from pickle file...
2025-07-26 20:25:58,368 [INFO] app: Received POST on /identify-language endpoint, text: Ciaociaociao
2025-07-26 20:25:58,370 [INFO] app: Predicted language: [1.38263024e-11 4.48897876e-03 9.95511021e-01]
2025-07-26 20:25:58,374 [ERROR] app: Error occurred while identifying language: 1 validation error for PredictionOutput
language_code
  Input should be a valid string [type=string_type, input_value=array([1.38263024e-11, 4....76e-03, 9.95511021e-01]), input_type=ndarray]
    For further information visit https://errors.pydantic.dev/2.11/v/string_type
2025-07-27 00:13:34,139 [INFO] app: Loading pre-trained language detection pipeline from pickle file...
2025-07-27 00:15:15,188 [INFO] app: Loading pre-trained language detection pipeline from pickle file...
2025-07-27 00:15:47,297 [INFO] app: Received POST on /identify-language endpoint, text: Ciaociaociao
2025-07-27 00:15:47,299 [ERROR] app: Error occurred while identifying language: 1 validation error for PredictionOutput
language_code
  Input should be a valid string [type=string_type, input_value=array([1.38263024e-11, 4....76e-03, 9.95511021e-01]), input_type=ndarray]
    For further information visit https://errors.pydantic.dev/2.11/v/string_type
2025-07-27 00:17:11,977 [INFO] app: Loading pre-trained language detection pipeline from pickle file...
2025-07-27 00:17:18,678 [INFO] app: Received POST on /identify-language endpoint, text: Ciaociaociao
2025-07-27 00:17:18,684 [ERROR] app: Error occurred while identifying language: 1 validation error for PredictionOutput
language_code
  Input should be a valid string [type=string_type, input_value=array([1.38263024e-11, 4....76e-03, 9.95511021e-01]), input_type=ndarray]
    For further information visit https://errors.pydantic.dev/2.11/v/string_type
2025-07-27 00:20:54,836 [INFO] app: Loading pre-trained language detection pipeline from pickle file...
2025-07-27 00:21:21,885 [INFO] app: Received POST on /identify-language endpoint, text: Ciaociaociao
2025-07-27 00:21:21,887 [INFO] app: Output: language_code='IT'
2025-07-27 00:21:40,471 [INFO] app: Received POST on /identify-language endpoint, text: Hi my name is mirko
2025-07-27 00:21:40,475 [INFO] app: Output: language_code='DE'
2025-07-27 00:22:02,404 [INFO] app: Received POST on /identify-language endpoint, text: Hello darkness my old friend
2025-07-27 00:22:02,405 [INFO] app: Output: language_code='EN'
2025-07-27 00:22:23,919 [INFO] app: Received POST on /identify-language endpoint, text: Ciao mi chiamo Gustavo e sono un pescatore
2025-07-27 00:22:23,920 [INFO] app: Output: language_code='IT'
2025-07-27 00:23:29,341 [INFO] app: Loading pre-trained language detection pipeline from pickle file...
2025-07-27 00:23:35,288 [INFO] app: Received POST on /identify-language endpoint, text: Ciao mi chiamo Gustavo e sono un pescatore
2025-07-27 00:23:35,291 [INFO] app: Output: language_code='IT' confidence=0.9999999999924967
2025-07-27 00:23:54,041 [INFO] app: Received POST on /identify-language endpoint, text: Hallo ich bin Mirko
2025-07-27 00:23:54,042 [INFO] app: Output: language_code='EN' confidence=0.9802719401582236
2025-07-27 00:24:22,625 [INFO] app: Received POST on /identify-language endpoint, text: Como estas senorita
2025-07-27 00:24:22,626 [INFO] app: Output: language_code='IT' confidence=0.9950466770418477
2025-07-27 00:24:50,049 [INFO] app: Loading pre-trained language detection pipeline from pickle file...
2025-07-27 00:24:52,560 [INFO] app: Loading pre-trained language detection pipeline from pickle file...
2025-07-27 00:25:14,622 [INFO] app: Loading pre-trained language detection pipeline from pickle file...
2025-07-27 00:25:27,585 [INFO] app: Loading pre-trained language detection pipeline from pickle file...
2025-07-27 00:26:02,964 [INFO] app: Loading pre-trained language detection pipeline from pickle file...
